<?xml version="1.0" encoding="UTF-8"?>
<!-- Generated by org.testng.reporters.JUnitReportReporter -->
<testsuite hostname="harshi" name="harsha.clickall" tests="3" failures="0" timestamp="14 Oct 2022 09:01:48 GMT" time="26.754" errors="0">
  <testcase name="Testcase2" time="18.033" classname="harsha.clickall"/>
  <testcase name="Testcase1" time="2.712" classname="harsha.clickall"/>
  <testcase name="Testcase3" time="6.009" classname="harsha.clickall"/>
</testsuite> <!-- harsha.clickall -->
