<?xml version="1.0" encoding="UTF-8"?>
<!-- Generated by org.testng.reporters.JUnitReportReporter -->
<testsuite hostname="harshi" name="harsha.windowhandlings" tests="1" failures="0" timestamp="18 Oct 2022 07:04:26 GMT" time="33.183" errors="0">
  <testcase name="Testcase3" time="33.183" classname="harsha.windowhandlings"/>
</testsuite> <!-- harsha.windowhandlings -->
