<?xml version="1.0" encoding="UTF-8"?>
<!-- Generated by org.testng.reporters.JUnitReportReporter -->
<testsuite hostname="harshi" name="harsha.delete12" tests="2" failures="0" timestamp="13 Oct 2022 15:29:43 GMT" time="23.391" errors="0">
  <testcase name="Testcase1" time="4.117" classname="harsha.delete12"/>
  <testcase name="Testcase2" time="19.274" classname="harsha.delete12"/>
</testsuite> <!-- harsha.delete12 -->
