<?xml version="1.0" encoding="UTF-8"?>
<!-- Generated by org.testng.reporters.JUnitReportReporter -->
<testsuite hostname="harshi" name="harsha.employeedetails" tests="2" failures="0" timestamp="16 Oct 2022 15:26:34 GMT" time="15.674" errors="0">
  <testcase name="Testcase1" time="2.788" classname="harsha.employeedetails"/>
  <testcase name="Testcase2" time="12.886" classname="harsha.employeedetails"/>
</testsuite> <!-- harsha.employeedetails -->
